# JRE version: OpenJDK Runtime Environment (17.0.6) (build 17.0.6+0-b2043.56-9586694)
# Java VM: OpenJDK 64-Bit Server VM (17.0.6+0-b2043.56-9586694, mixed mode, tiered, compressed oops, compressed class ptrs, g1 gc, windows-amd64)
GC Precious Log:
 CPUs: 20 total, 20 available
 Memory: 32472M
 Large Page Support: Disabled
 NUMA Support: Disabled
 Compressed Oops: Enabled (32-bit)
 Heap Region Size: 1M
 Heap Min Capacity: 8M
 Heap Initial Capacity: 508M
 Heap Max Capacity: 512M
 Pre-touch: Disabled
 Parallel Workers: 15
 Concurrent Workers: 4
 Concurrent Refinement Workers: 15
 Periodic GC: Disabled
Heap:
 garbage-first heap   total 384000K, used 284627K [0x00000000e0000000, 0x0000000100000000)
  region size 1024K, 64 young (65536K), 1 survivors (1024K)
 Metaspace       used 57210K, committed 59840K, reserved 1105920K
  class space    used 5721K, committed 6912K, reserved 1048576K
GC Heap History (20 events):
Event: 2.029 GC heap before
{Heap before GC invocations=12 (full 0):
 garbage-first heap   total 137216K, used 91348K [0x00000000e0000000, 0x0000000100000000)
  region size 1024K, 12 young (12288K), 1 survivors (1024K)
 Metaspace       used 35177K, committed 36160K, reserved 1081344K
  class space    used 3516K, committed 3968K, reserved 1048576K
}
Event: 2.031 GC heap after
{Heap after GC invocations=13 (full 0):
 garbage-first heap   total 161792K, used 83449K [0x00000000e0000000, 0x0000000100000000)
  region size 1024K, 2 young (2048K), 2 survivors (2048K)
 Metaspace       used 35177K, committed 36160K, reserved 1081344K
  class space    used 3516K, committed 3968K, reserved 1048576K
}
Event: 2.382 GC heap before
{Heap before GC invocations=13 (full 0):
 garbage-first heap   total 161792K, used 121337K [0x00000000e0000000, 0x0000000100000000)
  region size 1024K, 40 young (40960K), 2 survivors (2048K)
 Metaspace       used 43189K, committed 44416K, reserved 1089536K
  class space    used 4063K, committed 4672K, reserved 1048576K
}
Event: 2.384 GC heap after
{Heap after GC invocations=14 (full 0):
 garbage-first heap   total 161792K, used 86117K [0x00000000e0000000, 0x0000000100000000)
  region size 1024K, 5 young (5120K), 5 survivors (5120K)
 Metaspace       used 43189K, committed 44416K, reserved 1089536K
  class space    used 4063K, committed 4672K, reserved 1048576K
}
Event: 2.411 GC heap before
{Heap before GC invocations=15 (full 0):
 garbage-first heap   total 161792K, used 88165K [0x00000000e0000000, 0x0000000100000000)
  region size 1024K, 8 young (8192K), 5 survivors (5120K)
 Metaspace       used 43597K, committed 44800K, reserved 1089536K
  class space    used 4098K, committed 4672K, reserved 1048576K
}
Event: 2.414 GC heap after
{Heap after GC invocations=16 (full 0):
 garbage-first heap   total 161792K, used 86537K [0x00000000e0000000, 0x0000000100000000)
  region size 1024K, 3 young (3072K), 3 survivors (3072K)
 Metaspace       used 43597K, committed 44800K, reserved 1089536K
  class space    used 4098K, committed 4672K, reserved 1048576K
}
Event: 2.933 GC heap before
{Heap before GC invocations=17 (full 0):
 garbage-first heap   total 161792K, used 129545K [0x00000000e0000000, 0x0000000100000000)
  region size 1024K, 44 young (45056K), 3 survivors (3072K)
 Metaspace       used 50360K, committed 52800K, reserved 1097728K
  class space    used 5087K, committed 6208K, reserved 1048576K
}
Event: 2.936 GC heap after
{Heap after GC invocations=18 (full 0):
 garbage-first heap   total 161792K, used 91017K [0x00000000e0000000, 0x0000000100000000)
  region size 1024K, 6 young (6144K), 6 survivors (6144K)
 Metaspace       used 50360K, committed 52800K, reserved 1097728K
  class space    used 5087K, committed 6208K, reserved 1048576K
}
Event: 2.945 GC heap before
{Heap before GC invocations=18 (full 0):
 garbage-first heap   total 161792K, used 92041K [0x00000000e0000000, 0x0000000100000000)
  region size 1024K, 7 young (7168K), 6 survivors (6144K)
 Metaspace       used 50476K, committed 52864K, reserved 1097728K
  class space    used 5110K, committed 6208K, reserved 1048576K
}
Event: 2.948 GC heap after
{Heap after GC invocations=19 (full 0):
 garbage-first heap   total 161792K, used 91224K [0x00000000e0000000, 0x0000000100000000)
  region size 1024K, 1 young (1024K), 1 survivors (1024K)
 Metaspace       used 50476K, committed 52864K, reserved 1097728K
  class space    used 5110K, committed 6208K, reserved 1048576K
}
Event: 3.121 GC heap before
{Heap before GC invocations=19 (full 0):
 garbage-first heap   total 161792K, used 106584K [0x00000000e0000000, 0x0000000100000000)
  region size 1024K, 17 young (17408K), 1 survivors (1024K)
 Metaspace       used 53282K, committed 56000K, reserved 1105920K
  class space    used 5433K, committed 6656K, reserved 1048576K
}
Event: 3.122 GC heap after
{Heap after GC invocations=20 (full 0):
 garbage-first heap   total 161792K, used 92871K [0x00000000e0000000, 0x0000000100000000)
  region size 1024K, 3 young (3072K), 3 survivors (3072K)
 Metaspace       used 53282K, committed 56000K, reserved 1105920K
  class space    used 5433K, committed 6656K, reserved 1048576K
}
Event: 3.388 GC heap before
{Heap before GC invocations=21 (full 0):
 garbage-first heap   total 162816K, used 152263K [0x00000000e0000000, 0x0000000100000000)
  region size 1024K, 34 young (34816K), 3 survivors (3072K)
 Metaspace       used 56895K, committed 59584K, reserved 1105920K
  class space    used 5693K, committed 6912K, reserved 1048576K
}
Event: 3.390 GC heap after
{Heap after GC invocations=22 (full 0):
 garbage-first heap   total 162816K, used 121737K [0x00000000e0000000, 0x0000000100000000)
  region size 1024K, 5 young (5120K), 5 survivors (5120K)
 Metaspace       used 56895K, committed 59584K, reserved 1105920K
  class space    used 5693K, committed 6912K, reserved 1048576K
}
Event: 3.503 GC heap before
{Heap before GC invocations=22 (full 0):
 garbage-first heap   total 248832K, used 239497K [0x00000000e0000000, 0x0000000100000000)
  region size 1024K, 7 young (7168K), 5 survivors (5120K)
 Metaspace       used 57142K, committed 59840K, reserved 1105920K
  class space    used 5714K, committed 6912K, reserved 1048576K
}
Event: 3.505 GC heap after
{Heap after GC invocations=23 (full 0):
 garbage-first heap   total 248832K, used 221309K [0x00000000e0000000, 0x0000000100000000)
  region size 1024K, 1 young (1024K), 1 survivors (1024K)
 Metaspace       used 57142K, committed 59840K, reserved 1105920K
  class space    used 5714K, committed 6912K, reserved 1048576K
}
Event: 3.524 GC heap before
{Heap before GC invocations=23 (full 0):
 garbage-first heap   total 248832K, used 231549K [0x00000000e0000000, 0x0000000100000000)
  region size 1024K, 12 young (12288K), 1 survivors (1024K)
 Metaspace       used 57152K, committed 59840K, reserved 1105920K
  class space    used 5714K, committed 6912K, reserved 1048576K
}
Event: 3.526 GC heap after
{Heap after GC invocations=24 (full 0):
 garbage-first heap   total 248832K, used 221123K [0x00000000e0000000, 0x0000000100000000)
  region size 1024K, 1 young (1024K), 1 survivors (1024K)
 Metaspace       used 57152K, committed 59840K, reserved 1105920K
  class space    used 5714K, committed 6912K, reserved 1048576K
}
Event: 3.547 GC heap before
{Heap before GC invocations=25 (full 0):
 garbage-first heap   total 384000K, used 232387K [0x00000000e0000000, 0x0000000100000000)
  region size 1024K, 12 young (12288K), 1 survivors (1024K)
 Metaspace       used 57157K, committed 59840K, reserved 1105920K
  class space    used 5714K, committed 6912K, reserved 1048576K
}
Event: 3.549 GC heap after
{Heap after GC invocations=26 (full 0):
 garbage-first heap   total 384000K, used 221139K [0x00000000e0000000, 0x0000000100000000)
  region size 1024K, 1 young (1024K), 1 survivors (1024K)
 Metaspace       used 57157K, committed 59840K, reserved 1105920K
  class space    used 5714K, committed 6912K, reserved 1048576K
}

