# JRE version: OpenJDK Runtime Environment (17.0.6) (build 17.0.6+0-b2043.56-9586694)
# Java VM: OpenJDK 64-Bit Server VM (17.0.6+0-b2043.56-9586694, mixed mode, tiered, compressed oops, compressed class ptrs, g1 gc, windows-amd64)
GC Precious Log:
 CPUs: 20 total, 20 available
 Memory: 32472M
 Large Page Support: Disabled
 NUMA Support: Disabled
 Compressed Oops: Enabled (32-bit)
 Heap Region Size: 1M
 Heap Min Capacity: 8M
 Heap Initial Capacity: 508M
 Heap Max Capacity: 512M
 Pre-touch: Disabled
 Parallel Workers: 15
 Concurrent Workers: 4
 Concurrent Refinement Workers: 15
 Periodic GC: Disabled
Heap:
 garbage-first heap   total 370688K, used 277784K [0x00000000e0000000, 0x0000000100000000)
  region size 1024K, 58 young (59392K), 1 survivors (1024K)
 Metaspace       used 57235K, committed 59904K, reserved 1105920K
  class space    used 5727K, committed 6912K, reserved 1048576K
GC Heap History (20 events):
Event: 2.124 GC heap before
{Heap before GC invocations=13 (full 0):
 garbage-first heap   total 135168K, used 104998K [0x00000000e0000000, 0x0000000100000000)
  region size 1024K, 23 young (23552K), 1 survivors (1024K)
 Metaspace       used 40923K, committed 41984K, reserved 1089536K
  class space    used 3868K, committed 4352K, reserved 1048576K
}
Event: 2.126 GC heap after
{Heap after GC invocations=14 (full 0):
 garbage-first heap   total 135168K, used 84596K [0x00000000e0000000, 0x0000000100000000)
  region size 1024K, 2 young (2048K), 2 survivors (2048K)
 Metaspace       used 40923K, committed 41984K, reserved 1089536K
  class space    used 3868K, committed 4352K, reserved 1048576K
}
Event: 2.296 GC heap before
{Heap before GC invocations=15 (full 0):
 garbage-first heap   total 143360K, used 107124K [0x00000000e0000000, 0x0000000100000000)
  region size 1024K, 24 young (24576K), 2 survivors (2048K)
 Metaspace       used 44536K, committed 46080K, reserved 1097728K
  class space    used 4247K, committed 4928K, reserved 1048576K
}
Event: 2.298 GC heap after
{Heap after GC invocations=16 (full 0):
 garbage-first heap   total 143360K, used 87403K [0x00000000e0000000, 0x0000000100000000)
  region size 1024K, 3 young (3072K), 3 survivors (3072K)
 Metaspace       used 44536K, committed 46080K, reserved 1097728K
  class space    used 4247K, committed 4928K, reserved 1048576K
}
Event: 2.333 GC heap before
{Heap before GC invocations=16 (full 0):
 garbage-first heap   total 143360K, used 91499K [0x00000000e0000000, 0x0000000100000000)
  region size 1024K, 7 young (7168K), 3 survivors (3072K)
 Metaspace       used 45158K, committed 46848K, reserved 1097728K
  class space    used 4347K, committed 5120K, reserved 1048576K
}
Event: 2.335 GC heap after
{Heap after GC invocations=17 (full 0):
 garbage-first heap   total 143360K, used 87343K [0x00000000e0000000, 0x0000000100000000)
  region size 1024K, 1 young (1024K), 1 survivors (1024K)
 Metaspace       used 45158K, committed 46848K, reserved 1097728K
  class space    used 4347K, committed 5120K, reserved 1048576K
}
Event: 2.609 GC heap before
{Heap before GC invocations=17 (full 0):
 garbage-first heap   total 143360K, used 114991K [0x00000000e0000000, 0x0000000100000000)
  region size 1024K, 28 young (28672K), 1 survivors (1024K)
 Metaspace       used 49013K, committed 51392K, reserved 1097728K
  class space    used 4932K, committed 6016K, reserved 1048576K
}
Event: 2.611 GC heap after
{Heap after GC invocations=18 (full 0):
 garbage-first heap   total 158720K, used 89559K [0x00000000e0000000, 0x0000000100000000)
  region size 1024K, 3 young (3072K), 3 survivors (3072K)
 Metaspace       used 49013K, committed 51392K, reserved 1097728K
  class space    used 4932K, committed 6016K, reserved 1048576K
}
Event: 2.939 GC heap before
{Heap before GC invocations=19 (full 0):
 garbage-first heap   total 158720K, used 147927K [0x00000000e0000000, 0x0000000100000000)
  region size 1024K, 35 young (35840K), 3 survivors (3072K)
 Metaspace       used 53350K, committed 56128K, reserved 1105920K
  class space    used 5446K, committed 6720K, reserved 1048576K
}
Event: 2.942 GC heap after
{Heap after GC invocations=20 (full 0):
 garbage-first heap   total 158720K, used 120482K [0x00000000e0000000, 0x0000000100000000)
  region size 1024K, 5 young (5120K), 5 survivors (5120K)
 Metaspace       used 53350K, committed 56128K, reserved 1105920K
  class space    used 5446K, committed 6720K, reserved 1048576K
}
Event: 2.957 GC heap before
{Heap before GC invocations=20 (full 0):
 garbage-first heap   total 158720K, used 122530K [0x00000000e0000000, 0x0000000100000000)
  region size 1024K, 7 young (7168K), 5 survivors (5120K)
 Metaspace       used 53748K, committed 56512K, reserved 1105920K
  class space    used 5504K, committed 6784K, reserved 1048576K
}
Event: 2.959 GC heap after
{Heap after GC invocations=21 (full 0):
 garbage-first heap   total 158720K, used 107837K [0x00000000e0000000, 0x0000000100000000)
  region size 1024K, 1 young (1024K), 1 survivors (1024K)
 Metaspace       used 53748K, committed 56512K, reserved 1105920K
  class space    used 5504K, committed 6784K, reserved 1048576K
}
Event: 3.092 GC heap before
{Heap before GC invocations=21 (full 0):
 garbage-first heap   total 158720K, used 124221K [0x00000000e0000000, 0x0000000100000000)
  region size 1024K, 17 young (17408K), 1 survivors (1024K)
 Metaspace       used 56979K, committed 59712K, reserved 1105920K
  class space    used 5707K, committed 6912K, reserved 1048576K
}
Event: 3.093 GC heap after
{Heap after GC invocations=22 (full 0):
 garbage-first heap   total 158720K, used 108138K [0x00000000e0000000, 0x0000000100000000)
  region size 1024K, 1 young (1024K), 1 survivors (1024K)
 Metaspace       used 56979K, committed 59712K, reserved 1105920K
  class space    used 5707K, committed 6912K, reserved 1048576K
}
Event: 3.158 GC heap before
{Heap before GC invocations=22 (full 0):
 garbage-first heap   total 235520K, used 197226K [0x00000000e0000000, 0x0000000100000000)
  region size 1024K, 2 young (2048K), 1 survivors (1024K)
 Metaspace       used 57038K, committed 59776K, reserved 1105920K
  class space    used 5713K, committed 6912K, reserved 1048576K
}
Event: 3.159 GC heap after
{Heap after GC invocations=23 (full 0):
 garbage-first heap   total 235520K, used 197226K [0x00000000e0000000, 0x0000000100000000)
  region size 1024K, 1 young (1024K), 1 survivors (1024K)
 Metaspace       used 57038K, committed 59776K, reserved 1105920K
  class space    used 5713K, committed 6912K, reserved 1048576K
}
Event: 3.202 GC heap before
{Heap before GC invocations=24 (full 0):
 garbage-first heap   total 370688K, used 229994K [0x00000000e0000000, 0x0000000100000000)
  region size 1024K, 11 young (11264K), 1 survivors (1024K)
 Metaspace       used 57201K, committed 59904K, reserved 1105920K
  class space    used 5724K, committed 6912K, reserved 1048576K
}
Event: 3.203 GC heap after
{Heap after GC invocations=25 (full 0):
 garbage-first heap   total 370688K, used 220872K [0x00000000e0000000, 0x0000000100000000)
  region size 1024K, 1 young (1024K), 1 survivors (1024K)
 Metaspace       used 57201K, committed 59904K, reserved 1105920K
  class space    used 5724K, committed 6912K, reserved 1048576K
}
Event: 3.223 GC heap before
{Heap before GC invocations=25 (full 0):
 garbage-first heap   total 370688K, used 238280K [0x00000000e0000000, 0x0000000100000000)
  region size 1024K, 18 young (18432K), 1 survivors (1024K)
 Metaspace       used 57201K, committed 59904K, reserved 1105920K
  class space    used 5724K, committed 6912K, reserved 1048576K
}
Event: 3.224 GC heap after
{Heap after GC invocations=26 (full 0):
 garbage-first heap   total 370688K, used 220440K [0x00000000e0000000, 0x0000000100000000)
  region size 1024K, 1 young (1024K), 1 survivors (1024K)
 Metaspace       used 57201K, committed 59904K, reserved 1105920K
  class space    used 5724K, committed 6912K, reserved 1048576K
}

