# JRE version: OpenJDK Runtime Environment (17.0.6) (build 17.0.6+0-b2043.56-9586694)
# Java VM: OpenJDK 64-Bit Server VM (17.0.6+0-b2043.56-9586694, mixed mode, tiered, compressed oops, compressed class ptrs, g1 gc, windows-amd64)
GC Precious Log:
 CPUs: 20 total, 20 available
 Memory: 32472M
 Large Page Support: Disabled
 NUMA Support: Disabled
 Compressed Oops: Enabled (32-bit)
 Heap Region Size: 1M
 Heap Min Capacity: 8M
 Heap Initial Capacity: 508M
 Heap Max Capacity: 512M
 Pre-touch: Disabled
 Parallel Workers: 15
 Concurrent Workers: 4
 Concurrent Refinement Workers: 15
 Periodic GC: Disabled
Heap:
 garbage-first heap   total 372736K, used 252133K [0x00000000e0000000, 0x0000000100000000)
  region size 1024K, 33 young (33792K), 1 survivors (1024K)
 Metaspace       used 57220K, committed 59904K, reserved 1105920K
  class space    used 5722K, committed 6912K, reserved 1048576K
GC Heap History (20 events):
Event: 2.177 GC heap before
{Heap before GC invocations=12 (full 0):
 garbage-first heap   total 133120K, used 102303K [0x00000000e0000000, 0x0000000100000000)
  region size 1024K, 23 young (23552K), 2 survivors (2048K)
 Metaspace       used 39777K, committed 40832K, reserved 1089536K
  class space    used 3798K, committed 4288K, reserved 1048576K
}
Event: 2.179 GC heap after
{Heap after GC invocations=13 (full 0):
 garbage-first heap   total 133120K, used 83704K [0x00000000e0000000, 0x0000000100000000)
  region size 1024K, 2 young (2048K), 2 survivors (2048K)
 Metaspace       used 39777K, committed 40832K, reserved 1089536K
  class space    used 3798K, committed 4288K, reserved 1048576K
}
Event: 2.354 GC heap before
{Heap before GC invocations=14 (full 0):
 garbage-first heap   total 143360K, used 105208K [0x00000000e0000000, 0x0000000100000000)
  region size 1024K, 23 young (23552K), 2 survivors (2048K)
 Metaspace       used 43939K, committed 45312K, reserved 1089536K
  class space    used 4171K, committed 4800K, reserved 1048576K
}
Event: 2.356 GC heap after
{Heap after GC invocations=15 (full 0):
 garbage-first heap   total 143360K, used 86411K [0x00000000e0000000, 0x0000000100000000)
  region size 1024K, 3 young (3072K), 3 survivors (3072K)
 Metaspace       used 43939K, committed 45312K, reserved 1089536K
  class space    used 4171K, committed 4800K, reserved 1048576K
}
Event: 2.375 GC heap before
{Heap before GC invocations=15 (full 0):
 garbage-first heap   total 143360K, used 90507K [0x00000000e0000000, 0x0000000100000000)
  region size 1024K, 7 young (7168K), 3 survivors (3072K)
 Metaspace       used 44231K, committed 45632K, reserved 1089536K
  class space    used 4215K, committed 4864K, reserved 1048576K
}
Event: 2.376 GC heap after
{Heap after GC invocations=16 (full 0):
 garbage-first heap   total 143360K, used 86761K [0x00000000e0000000, 0x0000000100000000)
  region size 1024K, 1 young (1024K), 1 survivors (1024K)
 Metaspace       used 44231K, committed 45632K, reserved 1089536K
  class space    used 4215K, committed 4864K, reserved 1048576K
}
Event: 2.671 GC heap before
{Heap before GC invocations=16 (full 0):
 garbage-first heap   total 143360K, used 114409K [0x00000000e0000000, 0x0000000100000000)
  region size 1024K, 28 young (28672K), 1 survivors (1024K)
 Metaspace       used 47898K, committed 49984K, reserved 1097728K
  class space    used 4744K, committed 5696K, reserved 1048576K
}
Event: 2.673 GC heap after
{Heap after GC invocations=17 (full 0):
 garbage-first heap   total 183296K, used 88914K [0x00000000e0000000, 0x0000000100000000)
  region size 1024K, 3 young (3072K), 3 survivors (3072K)
 Metaspace       used 47898K, committed 49984K, reserved 1097728K
  class space    used 4744K, committed 5696K, reserved 1048576K
}
Event: 3.277 GC heap before
{Heap before GC invocations=18 (full 0):
 garbage-first heap   total 183296K, used 168786K [0x00000000e0000000, 0x0000000100000000)
  region size 1024K, 54 young (55296K), 3 survivors (3072K)
 Metaspace       used 56644K, committed 59328K, reserved 1105920K
  class space    used 5642K, committed 6848K, reserved 1048576K
}
Event: 3.280 GC heap after
{Heap after GC invocations=19 (full 0):
 garbage-first heap   total 183296K, used 120929K [0x00000000e0000000, 0x0000000100000000)
  region size 1024K, 7 young (7168K), 7 survivors (7168K)
 Metaspace       used 56644K, committed 59328K, reserved 1105920K
  class space    used 5642K, committed 6848K, reserved 1048576K
}
Event: 3.288 GC heap before
{Heap before GC invocations=19 (full 0):
 garbage-first heap   total 183296K, used 121953K [0x00000000e0000000, 0x0000000100000000)
  region size 1024K, 8 young (8192K), 7 survivors (7168K)
 Metaspace       used 56744K, committed 59456K, reserved 1105920K
  class space    used 5659K, committed 6912K, reserved 1048576K
}
Event: 3.291 GC heap after
{Heap after GC invocations=20 (full 0):
 garbage-first heap   total 183296K, used 106443K [0x00000000e0000000, 0x0000000100000000)
  region size 1024K, 1 young (1024K), 1 survivors (1024K)
 Metaspace       used 56744K, committed 59456K, reserved 1105920K
  class space    used 5659K, committed 6912K, reserved 1048576K
}
Event: 3.342 GC heap before
{Heap before GC invocations=20 (full 0):
 garbage-first heap   total 183296K, used 110539K [0x00000000e0000000, 0x0000000100000000)
  region size 1024K, 6 young (6144K), 1 survivors (1024K)
 Metaspace       used 56958K, committed 59648K, reserved 1105920K
  class space    used 5699K, committed 6912K, reserved 1048576K
}
Event: 3.343 GC heap after
{Heap after GC invocations=21 (full 0):
 garbage-first heap   total 183296K, used 105823K [0x00000000e0000000, 0x0000000100000000)
  region size 1024K, 1 young (1024K), 1 survivors (1024K)
 Metaspace       used 56958K, committed 59648K, reserved 1105920K
  class space    used 5699K, committed 6912K, reserved 1048576K
}
Event: 3.425 GC heap before
{Heap before GC invocations=21 (full 0):
 garbage-first heap   total 270336K, used 194911K [0x00000000e0000000, 0x0000000100000000)
  region size 1024K, 2 young (2048K), 1 survivors (1024K)
 Metaspace       used 57019K, committed 59712K, reserved 1105920K
  class space    used 5705K, committed 6912K, reserved 1048576K
}
Event: 3.427 GC heap after
{Heap after GC invocations=22 (full 0):
 garbage-first heap   total 270336K, used 194804K [0x00000000e0000000, 0x0000000100000000)
  region size 1024K, 1 young (1024K), 1 survivors (1024K)
 Metaspace       used 57019K, committed 59712K, reserved 1105920K
  class space    used 5705K, committed 6912K, reserved 1048576K
}
Event: 3.511 GC heap before
{Heap before GC invocations=23 (full 0):
 garbage-first heap   total 372736K, used 257268K [0x00000000e0000000, 0x0000000100000000)
  region size 1024K, 37 young (37888K), 1 survivors (1024K)
 Metaspace       used 57167K, committed 59840K, reserved 1105920K
  class space    used 5716K, committed 6912K, reserved 1048576K
}
Event: 3.513 GC heap after
{Heap after GC invocations=24 (full 0):
 garbage-first heap   total 372736K, used 220616K [0x00000000e0000000, 0x0000000100000000)
  region size 1024K, 1 young (1024K), 1 survivors (1024K)
 Metaspace       used 57167K, committed 59840K, reserved 1105920K
  class space    used 5716K, committed 6912K, reserved 1048576K
}
Event: 3.540 GC heap before
{Heap before GC invocations=24 (full 0):
 garbage-first heap   total 372736K, used 237000K [0x00000000e0000000, 0x0000000100000000)
  region size 1024K, 18 young (18432K), 1 survivors (1024K)
 Metaspace       used 57167K, committed 59840K, reserved 1105920K
  class space    used 5716K, committed 6912K, reserved 1048576K
}
Event: 3.542 GC heap after
{Heap after GC invocations=25 (full 0):
 garbage-first heap   total 372736K, used 220389K [0x00000000e0000000, 0x0000000100000000)
  region size 1024K, 1 young (1024K), 1 survivors (1024K)
 Metaspace       used 57167K, committed 59840K, reserved 1105920K
  class space    used 5716K, committed 6912K, reserved 1048576K
}

