# JRE version: OpenJDK Runtime Environment (17.0.6) (build 17.0.6+0-b2043.56-9586694)
# Java VM: OpenJDK 64-Bit Server VM (17.0.6+0-b2043.56-9586694, mixed mode, tiered, compressed oops, compressed class ptrs, g1 gc, windows-amd64)
GC Precious Log:
 CPUs: 20 total, 20 available
 Memory: 32472M
 Large Page Support: Disabled
 NUMA Support: Disabled
 Compressed Oops: Enabled (32-bit)
 Heap Region Size: 1M
 Heap Min Capacity: 8M
 Heap Initial Capacity: 508M
 Heap Max Capacity: 512M
 Pre-touch: Disabled
 Parallel Workers: 15
 Concurrent Workers: 4
 Concurrent Refinement Workers: 15
 Periodic GC: Disabled
Heap:
 garbage-first heap   total 372736K, used 255402K [0x00000000e0000000, 0x0000000100000000)
  region size 1024K, 36 young (36864K), 1 survivors (1024K)
 Metaspace       used 57197K, committed 59840K, reserved 1105920K
  class space    used 5715K, committed 6912K, reserved 1048576K
GC Heap History (20 events):
Event: 1.664 GC heap before
{Heap before GC invocations=9 (full 0):
 garbage-first heap   total 61440K, used 29384K [0x00000000e0000000, 0x0000000100000000)
  region size 1024K, 5 young (5120K), 3 survivors (3072K)
 Metaspace       used 33689K, committed 34496K, reserved 1081344K
  class space    used 3334K, committed 3712K, reserved 1048576K
}
Event: 1.665 GC heap after
{Heap after GC invocations=10 (full 0):
 garbage-first heap   total 61440K, used 28669K [0x00000000e0000000, 0x0000000100000000)
  region size 1024K, 2 young (2048K), 2 survivors (2048K)
 Metaspace       used 33689K, committed 34496K, reserved 1081344K
  class space    used 3334K, committed 3712K, reserved 1048576K
}
Event: 1.792 GC heap before
{Heap before GC invocations=10 (full 0):
 garbage-first heap   total 61440K, used 54269K [0x00000000e0000000, 0x0000000100000000)
  region size 1024K, 20 young (20480K), 2 survivors (2048K)
 Metaspace       used 33717K, committed 34560K, reserved 1081344K
  class space    used 3335K, committed 3712K, reserved 1048576K
}
Event: 1.795 GC heap after
{Heap after GC invocations=11 (full 0):
 garbage-first heap   total 66560K, used 45443K [0x00000000e0000000, 0x0000000100000000)
  region size 1024K, 3 young (3072K), 3 survivors (3072K)
 Metaspace       used 33717K, committed 34560K, reserved 1081344K
  class space    used 3335K, committed 3712K, reserved 1048576K
}
Event: 1.808 GC heap before
{Heap before GC invocations=11 (full 0):
 garbage-first heap   total 66560K, used 46467K [0x00000000e0000000, 0x0000000100000000)
  region size 1024K, 5 young (5120K), 3 survivors (3072K)
 Metaspace       used 33754K, committed 34560K, reserved 1081344K
  class space    used 3340K, committed 3712K, reserved 1048576K
}
Event: 1.811 GC heap after
{Heap after GC invocations=12 (full 0):
 garbage-first heap   total 293888K, used 39873K [0x00000000e0000000, 0x0000000100000000)
  region size 1024K, 2 young (2048K), 2 survivors (2048K)
 Metaspace       used 33754K, committed 34560K, reserved 1081344K
  class space    used 3340K, committed 3712K, reserved 1048576K
}
Event: 1.950 GC heap before
{Heap before GC invocations=12 (full 0):
 garbage-first heap   total 293888K, used 91073K [0x00000000e0000000, 0x0000000100000000)
  region size 1024K, 14 young (14336K), 2 survivors (2048K)
 Metaspace       used 35222K, committed 36160K, reserved 1081344K
  class space    used 3519K, committed 3968K, reserved 1048576K
}
Event: 1.952 GC heap after
{Heap after GC invocations=13 (full 0):
 garbage-first heap   total 293888K, used 81904K [0x00000000e0000000, 0x0000000100000000)
  region size 1024K, 4 young (4096K), 4 survivors (4096K)
 Metaspace       used 35222K, committed 36160K, reserved 1081344K
  class space    used 3519K, committed 3968K, reserved 1048576K
}
Event: 2.747 GC heap before
{Heap before GC invocations=14 (full 0):
 garbage-first heap   total 280576K, used 167920K [0x00000000e0000000, 0x0000000100000000)
  region size 1024K, 88 young (90112K), 4 survivors (4096K)
 Metaspace       used 51326K, committed 53760K, reserved 1097728K
  class space    used 5176K, committed 6272K, reserved 1048576K
}
Event: 2.751 GC heap after
{Heap after GC invocations=15 (full 0):
 garbage-first heap   total 280576K, used 90078K [0x00000000e0000000, 0x0000000100000000)
  region size 1024K, 11 young (11264K), 11 survivors (11264K)
 Metaspace       used 51326K, committed 53760K, reserved 1097728K
  class space    used 5176K, committed 6272K, reserved 1048576K
}
Event: 2.775 GC heap before
{Heap before GC invocations=15 (full 0):
 garbage-first heap   total 280576K, used 91102K [0x00000000e0000000, 0x0000000100000000)
  region size 1024K, 13 young (13312K), 11 survivors (11264K)
 Metaspace       used 52090K, committed 54528K, reserved 1097728K
  class space    used 5253K, committed 6336K, reserved 1048576K
}
Event: 2.778 GC heap after
{Heap after GC invocations=16 (full 0):
 garbage-first heap   total 280576K, used 90541K [0x00000000e0000000, 0x0000000100000000)
  region size 1024K, 2 young (2048K), 2 survivors (2048K)
 Metaspace       used 52090K, committed 54528K, reserved 1097728K
  class space    used 5253K, committed 6336K, reserved 1048576K
}
Event: 3.143 GC heap before
{Heap before GC invocations=16 (full 0):
 garbage-first heap   total 280576K, used 164269K [0x00000000e0000000, 0x0000000100000000)
  region size 1024K, 47 young (48128K), 2 survivors (2048K)
 Metaspace       used 56960K, committed 59648K, reserved 1105920K
  class space    used 5694K, committed 6912K, reserved 1048576K
}
Event: 3.145 GC heap after
{Heap after GC invocations=17 (full 0):
 garbage-first heap   total 280576K, used 120762K [0x00000000e0000000, 0x0000000100000000)
  region size 1024K, 5 young (5120K), 5 survivors (5120K)
 Metaspace       used 56960K, committed 59648K, reserved 1105920K
  class space    used 5694K, committed 6912K, reserved 1048576K
}
Event: 3.210 GC heap before
{Heap before GC invocations=17 (full 0):
 garbage-first heap   total 280576K, used 209850K [0x00000000e0000000, 0x0000000100000000)
  region size 1024K, 6 young (6144K), 5 survivors (5120K)
 Metaspace       used 57023K, committed 59712K, reserved 1105920K
  class space    used 5701K, committed 6912K, reserved 1048576K
}
Event: 3.212 GC heap after
{Heap after GC invocations=18 (full 0):
 garbage-first heap   total 280576K, used 192975K [0x00000000e0000000, 0x0000000100000000)
  region size 1024K, 3 young (3072K), 3 survivors (3072K)
 Metaspace       used 57023K, committed 59712K, reserved 1105920K
  class space    used 5701K, committed 6912K, reserved 1048576K
}
Event: 3.282 GC heap before
{Heap before GC invocations=19 (full 0):
 garbage-first heap   total 372736K, used 255439K [0x00000000e0000000, 0x0000000100000000)
  region size 1024K, 37 young (37888K), 3 survivors (3072K)
 Metaspace       used 57171K, committed 59840K, reserved 1105920K
  class space    used 5712K, committed 6912K, reserved 1048576K
}
Event: 3.284 GC heap after
{Heap after GC invocations=20 (full 0):
 garbage-first heap   total 372736K, used 220936K [0x00000000e0000000, 0x0000000100000000)
  region size 1024K, 3 young (3072K), 3 survivors (3072K)
 Metaspace       used 57171K, committed 59840K, reserved 1105920K
  class space    used 5712K, committed 6912K, reserved 1048576K
}
Event: 3.306 GC heap before
{Heap before GC invocations=20 (full 0):
 garbage-first heap   total 372736K, used 235272K [0x00000000e0000000, 0x0000000100000000)
  region size 1024K, 18 young (18432K), 3 survivors (3072K)
 Metaspace       used 57171K, committed 59840K, reserved 1105920K
  class space    used 5712K, committed 6912K, reserved 1048576K
}
Event: 3.308 GC heap after
{Heap after GC invocations=21 (full 0):
 garbage-first heap   total 372736K, used 220586K [0x00000000e0000000, 0x0000000100000000)
  region size 1024K, 1 young (1024K), 1 survivors (1024K)
 Metaspace       used 57171K, committed 59840K, reserved 1105920K
  class space    used 5712K, committed 6912K, reserved 1048576K
}

