# JRE version: OpenJDK Runtime Environment (17.0.6) (build 17.0.6+0-b2043.56-9586694)
# Java VM: OpenJDK 64-Bit Server VM (17.0.6+0-b2043.56-9586694, mixed mode, tiered, compressed oops, compressed class ptrs, g1 gc, windows-amd64)
GC Precious Log:
 CPUs: 20 total, 20 available
 Memory: 32472M
 Large Page Support: Disabled
 NUMA Support: Disabled
 Compressed Oops: Enabled (32-bit)
 Heap Region Size: 1M
 Heap Min Capacity: 8M
 Heap Initial Capacity: 508M
 Heap Max Capacity: 512M
 Pre-touch: Disabled
 Parallel Workers: 15
 Concurrent Workers: 4
 Concurrent Refinement Workers: 15
 Periodic GC: Disabled
Heap:
 garbage-first heap   total 372736K, used 272421K [0x00000000e0000000, 0x0000000100000000)
  region size 1024K, 55 young (56320K), 3 survivors (3072K)
 Metaspace       used 57211K, committed 59840K, reserved 1105920K
  class space    used 5718K, committed 6912K, reserved 1048576K
GC Heap History (20 events):
Event: 1.480 GC heap before
{Heap before GC invocations=7 (full 0):
 garbage-first heap   total 61440K, used 43071K [0x00000000e0000000, 0x0000000100000000)
  region size 1024K, 18 young (18432K), 1 survivors (1024K)
 Metaspace       used 29619K, committed 30208K, reserved 1081344K
  class space    used 3059K, committed 3328K, reserved 1048576K
}
Event: 1.482 GC heap after
{Heap after GC invocations=8 (full 0):
 garbage-first heap   total 61440K, used 27280K [0x00000000e0000000, 0x0000000100000000)
  region size 1024K, 2 young (2048K), 2 survivors (2048K)
 Metaspace       used 29619K, committed 30208K, reserved 1081344K
  class space    used 3059K, committed 3328K, reserved 1048576K
}
Event: 1.620 GC heap before
{Heap before GC invocations=8 (full 0):
 garbage-first heap   total 61440K, used 43664K [0x00000000e0000000, 0x0000000100000000)
  region size 1024K, 19 young (19456K), 2 survivors (2048K)
 Metaspace       used 33568K, committed 34368K, reserved 1081344K
  class space    used 3315K, committed 3712K, reserved 1048576K
}
Event: 1.621 GC heap after
{Heap after GC invocations=9 (full 0):
 garbage-first heap   total 61440K, used 28262K [0x00000000e0000000, 0x0000000100000000)
  region size 1024K, 3 young (3072K), 3 survivors (3072K)
 Metaspace       used 33568K, committed 34368K, reserved 1081344K
  class space    used 3315K, committed 3712K, reserved 1048576K
}
Event: 1.628 GC heap before
{Heap before GC invocations=9 (full 0):
 garbage-first heap   total 61440K, used 28262K [0x00000000e0000000, 0x0000000100000000)
  region size 1024K, 4 young (4096K), 3 survivors (3072K)
 Metaspace       used 33667K, committed 34496K, reserved 1081344K
  class space    used 3332K, committed 3712K, reserved 1048576K
}
Event: 1.629 GC heap after
{Heap after GC invocations=10 (full 0):
 garbage-first heap   total 61440K, used 28447K [0x00000000e0000000, 0x0000000100000000)
  region size 1024K, 2 young (2048K), 2 survivors (2048K)
 Metaspace       used 33667K, committed 34496K, reserved 1081344K
  class space    used 3332K, committed 3712K, reserved 1048576K
}
Event: 1.753 GC heap before
{Heap before GC invocations=10 (full 0):
 garbage-first heap   total 61440K, used 54047K [0x00000000e0000000, 0x0000000100000000)
  region size 1024K, 20 young (20480K), 2 survivors (2048K)
 Metaspace       used 33694K, committed 34496K, reserved 1081344K
  class space    used 3334K, committed 3712K, reserved 1048576K
}
Event: 1.756 GC heap after
{Heap after GC invocations=11 (full 0):
 garbage-first heap   total 66560K, used 45201K [0x00000000e0000000, 0x0000000100000000)
  region size 1024K, 3 young (3072K), 3 survivors (3072K)
 Metaspace       used 33694K, committed 34496K, reserved 1081344K
  class space    used 3334K, committed 3712K, reserved 1048576K
}
Event: 1.769 GC heap before
{Heap before GC invocations=11 (full 0):
 garbage-first heap   total 66560K, used 46225K [0x00000000e0000000, 0x0000000100000000)
  region size 1024K, 5 young (5120K), 3 survivors (3072K)
 Metaspace       used 33731K, committed 34560K, reserved 1081344K
  class space    used 3338K, committed 3712K, reserved 1048576K
}
Event: 1.771 GC heap after
{Heap after GC invocations=12 (full 0):
 garbage-first heap   total 293888K, used 38966K [0x00000000e0000000, 0x0000000100000000)
  region size 1024K, 2 young (2048K), 2 survivors (2048K)
 Metaspace       used 33731K, committed 34560K, reserved 1081344K
  class space    used 3338K, committed 3712K, reserved 1048576K
}
Event: 1.909 GC heap before
{Heap before GC invocations=12 (full 0):
 garbage-first heap   total 293888K, used 90166K [0x00000000e0000000, 0x0000000100000000)
  region size 1024K, 14 young (14336K), 2 survivors (2048K)
 Metaspace       used 35209K, committed 36160K, reserved 1081344K
  class space    used 3519K, committed 3968K, reserved 1048576K
}
Event: 1.911 GC heap after
{Heap after GC invocations=13 (full 0):
 garbage-first heap   total 293888K, used 81045K [0x00000000e0000000, 0x0000000100000000)
  region size 1024K, 4 young (4096K), 4 survivors (4096K)
 Metaspace       used 35209K, committed 36160K, reserved 1081344K
  class space    used 3519K, committed 3968K, reserved 1048576K
}
Event: 2.725 GC heap before
{Heap before GC invocations=14 (full 0):
 garbage-first heap   total 276480K, used 169109K [0x00000000e0000000, 0x0000000100000000)
  region size 1024K, 89 young (91136K), 4 survivors (4096K)
 Metaspace       used 51829K, committed 54272K, reserved 1097728K
  class space    used 5235K, committed 6336K, reserved 1048576K
}
Event: 2.729 GC heap after
{Heap after GC invocations=15 (full 0):
 garbage-first heap   total 276480K, used 89021K [0x00000000e0000000, 0x0000000100000000)
  region size 1024K, 11 young (11264K), 11 survivors (11264K)
 Metaspace       used 51829K, committed 54272K, reserved 1097728K
  class space    used 5235K, committed 6336K, reserved 1048576K
}
Event: 3.112 GC heap before
{Heap before GC invocations=15 (full 0):
 garbage-first heap   total 276480K, used 164797K [0x00000000e0000000, 0x0000000100000000)
  region size 1024K, 58 young (59392K), 11 survivors (11264K)
 Metaspace       used 56968K, committed 59648K, reserved 1105920K
  class space    used 5697K, committed 6912K, reserved 1048576K
}
Event: 3.116 GC heap after
{Heap after GC invocations=16 (full 0):
 garbage-first heap   total 276480K, used 120484K [0x00000000e0000000, 0x0000000100000000)
  region size 1024K, 12 young (12288K), 12 survivors (12288K)
 Metaspace       used 56968K, committed 59648K, reserved 1105920K
  class space    used 5697K, committed 6912K, reserved 1048576K
}
Event: 3.180 GC heap before
{Heap before GC invocations=16 (full 0):
 garbage-first heap   total 276480K, used 209572K [0x00000000e0000000, 0x0000000100000000)
  region size 1024K, 13 young (13312K), 12 survivors (12288K)
 Metaspace       used 57037K, committed 59712K, reserved 1105920K
  class space    used 5704K, committed 6912K, reserved 1048576K
}
Event: 3.183 GC heap after
{Heap after GC invocations=17 (full 0):
 garbage-first heap   total 276480K, used 193352K [0x00000000e0000000, 0x0000000100000000)
  region size 1024K, 3 young (3072K), 3 survivors (3072K)
 Metaspace       used 57037K, committed 59712K, reserved 1105920K
  class space    used 5704K, committed 6912K, reserved 1048576K
}
Event: 3.249 GC heap before
{Heap before GC invocations=18 (full 0):
 garbage-first heap   total 372736K, used 253768K [0x00000000e0000000, 0x0000000100000000)
  region size 1024K, 35 young (35840K), 3 survivors (3072K)
 Metaspace       used 57185K, committed 59840K, reserved 1105920K
  class space    used 5715K, committed 6912K, reserved 1048576K
}
Event: 3.251 GC heap after
{Heap after GC invocations=19 (full 0):
 garbage-first heap   total 372736K, used 220197K [0x00000000e0000000, 0x0000000100000000)
  region size 1024K, 3 young (3072K), 3 survivors (3072K)
 Metaspace       used 57185K, committed 59840K, reserved 1105920K
  class space    used 5715K, committed 6912K, reserved 1048576K
}

