# JRE version: OpenJDK Runtime Environment (17.0.6) (build 17.0.6+0-b2043.56-9586694)
# Java VM: OpenJDK 64-Bit Server VM (17.0.6+0-b2043.56-9586694, mixed mode, tiered, compressed oops, compressed class ptrs, g1 gc, windows-amd64)
GC Precious Log:
 CPUs: 20 total, 20 available
 Memory: 32472M
 Large Page Support: Disabled
 NUMA Support: Disabled
 Compressed Oops: Enabled (32-bit)
 Heap Region Size: 1M
 Heap Min Capacity: 8M
 Heap Initial Capacity: 508M
 Heap Max Capacity: 512M
 Pre-touch: Disabled
 Parallel Workers: 15
 Concurrent Workers: 4
 Concurrent Refinement Workers: 15
 Periodic GC: Disabled
Heap:
 garbage-first heap   total 382976K, used 224135K [0x00000000e0000000, 0x0000000100000000)
  region size 1024K, 5 young (5120K), 1 survivors (1024K)
 Metaspace       used 57224K, committed 59904K, reserved 1105920K
  class space    used 5723K, committed 6912K, reserved 1048576K
GC Heap History (20 events):
Event: 2.134 GC heap before
{Heap before GC invocations=12 (full 0):
 garbage-first heap   total 137216K, used 91181K [0x00000000e0000000, 0x0000000100000000)
  region size 1024K, 12 young (12288K), 1 survivors (1024K)
 Metaspace       used 35177K, committed 36160K, reserved 1081344K
  class space    used 3517K, committed 3968K, reserved 1048576K
}
Event: 2.136 GC heap after
{Heap after GC invocations=13 (full 0):
 garbage-first heap   total 168960K, used 83202K [0x00000000e0000000, 0x0000000100000000)
  region size 1024K, 2 young (2048K), 2 survivors (2048K)
 Metaspace       used 35177K, committed 36160K, reserved 1081344K
  class space    used 3517K, committed 3968K, reserved 1048576K
}
Event: 2.510 GC heap before
{Heap before GC invocations=13 (full 0):
 garbage-first heap   total 168960K, used 123138K [0x00000000e0000000, 0x0000000100000000)
  region size 1024K, 43 young (44032K), 2 survivors (2048K)
 Metaspace       used 43612K, committed 44864K, reserved 1089536K
  class space    used 4100K, committed 4672K, reserved 1048576K
}
Event: 2.513 GC heap after
{Heap after GC invocations=14 (full 0):
 garbage-first heap   total 168960K, used 86102K [0x00000000e0000000, 0x0000000100000000)
  region size 1024K, 5 young (5120K), 5 survivors (5120K)
 Metaspace       used 43612K, committed 44864K, reserved 1089536K
  class space    used 4100K, committed 4672K, reserved 1048576K
}
Event: 3.013 GC heap before
{Heap before GC invocations=15 (full 0):
 garbage-first heap   total 168960K, used 130134K [0x00000000e0000000, 0x0000000100000000)
  region size 1024K, 47 young (48128K), 5 survivors (5120K)
 Metaspace       used 50497K, committed 52928K, reserved 1097728K
  class space    used 5116K, committed 6208K, reserved 1048576K
}
Event: 3.017 GC heap after
{Heap after GC invocations=16 (full 0):
 garbage-first heap   total 168960K, used 90773K [0x00000000e0000000, 0x0000000100000000)
  region size 1024K, 6 young (6144K), 6 survivors (6144K)
 Metaspace       used 50497K, committed 52928K, reserved 1097728K
  class space    used 5116K, committed 6208K, reserved 1048576K
}
Event: 3.048 GC heap before
{Heap before GC invocations=16 (full 0):
 garbage-first heap   total 168960K, used 91797K [0x00000000e0000000, 0x0000000100000000)
  region size 1024K, 8 young (8192K), 6 survivors (6144K)
 Metaspace       used 51779K, committed 54272K, reserved 1097728K
  class space    used 5230K, committed 6336K, reserved 1048576K
}
Event: 3.051 GC heap after
{Heap after GC invocations=17 (full 0):
 garbage-first heap   total 168960K, used 91256K [0x00000000e0000000, 0x0000000100000000)
  region size 1024K, 1 young (1024K), 1 survivors (1024K)
 Metaspace       used 51779K, committed 54272K, reserved 1097728K
  class space    used 5230K, committed 6336K, reserved 1048576K
}
Event: 3.188 GC heap before
{Heap before GC invocations=17 (full 0):
 garbage-first heap   total 168960K, used 104568K [0x00000000e0000000, 0x0000000100000000)
  region size 1024K, 15 young (15360K), 1 survivors (1024K)
 Metaspace       used 53303K, committed 56000K, reserved 1105920K
  class space    used 5436K, committed 6656K, reserved 1048576K
}
Event: 3.190 GC heap after
{Heap after GC invocations=18 (full 0):
 garbage-first heap   total 168960K, used 92759K [0x00000000e0000000, 0x0000000100000000)
  region size 1024K, 3 young (3072K), 3 survivors (3072K)
 Metaspace       used 53303K, committed 56000K, reserved 1105920K
  class space    used 5436K, committed 6656K, reserved 1048576K
}
Event: 3.585 GC heap before
{Heap before GC invocations=19 (full 0):
 garbage-first heap   total 285696K, used 272983K [0x00000000e0000000, 0x0000000100000000)
  region size 1024K, 38 young (38912K), 3 survivors (3072K)
 Metaspace       used 57166K, committed 59840K, reserved 1105920K
  class space    used 5716K, committed 6912K, reserved 1048576K
}
Event: 3.587 GC heap after
{Heap after GC invocations=20 (full 0):
 garbage-first heap   total 285696K, used 238390K [0x00000000e0000000, 0x0000000100000000)
  region size 1024K, 5 young (5120K), 5 survivors (5120K)
 Metaspace       used 57166K, committed 59840K, reserved 1105920K
  class space    used 5716K, committed 6912K, reserved 1048576K
}
Event: 3.597 GC heap before
{Heap before GC invocations=20 (full 0):
 garbage-first heap   total 285696K, used 246582K [0x00000000e0000000, 0x0000000100000000)
  region size 1024K, 13 young (13312K), 5 survivors (5120K)
 Metaspace       used 57166K, committed 59840K, reserved 1105920K
  class space    used 5716K, committed 6912K, reserved 1048576K
}
Event: 3.599 GC heap after
{Heap after GC invocations=21 (full 0):
 garbage-first heap   total 285696K, used 221182K [0x00000000e0000000, 0x0000000100000000)
  region size 1024K, 1 young (1024K), 1 survivors (1024K)
 Metaspace       used 57166K, committed 59840K, reserved 1105920K
  class space    used 5716K, committed 6912K, reserved 1048576K
}
Event: 3.636 GC heap before
{Heap before GC invocations=21 (full 0):
 garbage-first heap   total 285696K, used 245758K [0x00000000e0000000, 0x0000000100000000)
  region size 1024K, 26 young (26624K), 1 survivors (1024K)
 Metaspace       used 57166K, committed 59840K, reserved 1105920K
  class space    used 5716K, committed 6912K, reserved 1048576K
}
Event: 3.637 GC heap after
{Heap after GC invocations=22 (full 0):
 garbage-first heap   total 285696K, used 221255K [0x00000000e0000000, 0x0000000100000000)
  region size 1024K, 1 young (1024K), 1 survivors (1024K)
 Metaspace       used 57166K, committed 59840K, reserved 1105920K
  class space    used 5716K, committed 6912K, reserved 1048576K
}
Event: 3.695 GC heap before
{Heap before GC invocations=23 (full 0):
 garbage-first heap   total 382976K, used 247879K [0x00000000e0000000, 0x0000000100000000)
  region size 1024K, 27 young (27648K), 1 survivors (1024K)
 Metaspace       used 57171K, committed 59840K, reserved 1105920K
  class space    used 5717K, committed 6912K, reserved 1048576K
}
Event: 3.696 GC heap after
{Heap after GC invocations=24 (full 0):
 garbage-first heap   total 382976K, used 221528K [0x00000000e0000000, 0x0000000100000000)
  region size 1024K, 1 young (1024K), 1 survivors (1024K)
 Metaspace       used 57171K, committed 59840K, reserved 1105920K
  class space    used 5717K, committed 6912K, reserved 1048576K
}
Event: 3.725 GC heap before
{Heap before GC invocations=24 (full 0):
 garbage-first heap   total 382976K, used 238936K [0x00000000e0000000, 0x0000000100000000)
  region size 1024K, 18 young (18432K), 1 survivors (1024K)
 Metaspace       used 57171K, committed 59840K, reserved 1105920K
  class space    used 5717K, committed 6912K, reserved 1048576K
}
Event: 3.727 GC heap after
{Heap after GC invocations=25 (full 0):
 garbage-first heap   total 382976K, used 221063K [0x00000000e0000000, 0x0000000100000000)
  region size 1024K, 1 young (1024K), 1 survivors (1024K)
 Metaspace       used 57171K, committed 59840K, reserved 1105920K
  class space    used 5717K, committed 6912K, reserved 1048576K
}

