# JRE version: OpenJDK Runtime Environment (17.0.6) (build 17.0.6+0-b2043.56-9586694)
# Java VM: OpenJDK 64-Bit Server VM (17.0.6+0-b2043.56-9586694, mixed mode, tiered, compressed oops, compressed class ptrs, g1 gc, windows-amd64)
GC Precious Log:
 CPUs: 20 total, 20 available
 Memory: 32472M
 Large Page Support: Disabled
 NUMA Support: Disabled
 Compressed Oops: Enabled (32-bit)
 Heap Region Size: 1M
 Heap Min Capacity: 8M
 Heap Initial Capacity: 508M
 Heap Max Capacity: 512M
 Pre-touch: Disabled
 Parallel Workers: 15
 Concurrent Workers: 4
 Concurrent Refinement Workers: 15
 Periodic GC: Disabled
Heap:
 garbage-first heap   total 336896K, used 254348K [0x00000000e0000000, 0x0000000100000000)
  region size 1024K, 27 young (27648K), 1 survivors (1024K)
 Metaspace       used 57227K, committed 59904K, reserved 1105920K
  class space    used 5725K, committed 6912K, reserved 1048576K
GC Heap History (20 events):
Event: 1.966 GC heap before
{Heap before GC invocations=13 (full 0):
 garbage-first heap   total 137216K, used 86581K [0x00000000e0000000, 0x0000000100000000)
  region size 1024K, 6 young (6144K), 2 survivors (2048K)
 Metaspace       used 35873K, committed 36992K, reserved 1089536K
  class space    used 3581K, committed 4096K, reserved 1048576K
}
Event: 1.968 GC heap after
{Heap after GC invocations=14 (full 0):
 garbage-first heap   total 137216K, used 82196K [0x00000000e0000000, 0x0000000100000000)
  region size 1024K, 1 young (1024K), 1 survivors (1024K)
 Metaspace       used 35873K, committed 36992K, reserved 1089536K
  class space    used 3581K, committed 4096K, reserved 1048576K
}
Event: 2.153 GC heap before
{Heap before GC invocations=14 (full 0):
 garbage-first heap   total 137216K, used 105748K [0x00000000e0000000, 0x0000000100000000)
  region size 1024K, 25 young (25600K), 1 survivors (1024K)
 Metaspace       used 41435K, committed 42560K, reserved 1089536K
  class space    used 3897K, committed 4416K, reserved 1048576K
}
Event: 2.155 GC heap after
{Heap after GC invocations=15 (full 0):
 garbage-first heap   total 160768K, used 83336K [0x00000000e0000000, 0x0000000100000000)
  region size 1024K, 2 young (2048K), 2 survivors (2048K)
 Metaspace       used 41435K, committed 42560K, reserved 1089536K
  class space    used 3897K, committed 4416K, reserved 1048576K
}
Event: 2.525 GC heap before
{Heap before GC invocations=16 (full 0):
 garbage-first heap   total 160768K, used 125320K [0x00000000e0000000, 0x0000000100000000)
  region size 1024K, 42 young (43008K), 2 survivors (2048K)
 Metaspace       used 47377K, committed 49408K, reserved 1097728K
  class space    used 4649K, committed 5568K, reserved 1048576K
}
Event: 2.527 GC heap after
{Heap after GC invocations=17 (full 0):
 garbage-first heap   total 160768K, used 88160K [0x00000000e0000000, 0x0000000100000000)
  region size 1024K, 6 young (6144K), 6 survivors (6144K)
 Metaspace       used 47377K, committed 49408K, reserved 1097728K
  class space    used 4649K, committed 5568K, reserved 1048576K
}
Event: 2.535 GC heap before
{Heap before GC invocations=17 (full 0):
 garbage-first heap   total 160768K, used 89184K [0x00000000e0000000, 0x0000000100000000)
  region size 1024K, 7 young (7168K), 6 survivors (6144K)
 Metaspace       used 47446K, committed 49472K, reserved 1097728K
  class space    used 4668K, committed 5568K, reserved 1048576K
}
Event: 2.538 GC heap after
{Heap after GC invocations=18 (full 0):
 garbage-first heap   total 160768K, used 88274K [0x00000000e0000000, 0x0000000100000000)
  region size 1024K, 1 young (1024K), 1 survivors (1024K)
 Metaspace       used 47446K, committed 49472K, reserved 1097728K
  class space    used 4668K, committed 5568K, reserved 1048576K
}
Event: 2.954 GC heap before
{Heap before GC invocations=18 (full 0):
 garbage-first heap   total 160768K, used 143570K [0x00000000e0000000, 0x0000000100000000)
  region size 1024K, 39 young (39936K), 1 survivors (1024K)
 Metaspace       used 53354K, committed 56128K, reserved 1105920K
  class space    used 5439K, committed 6720K, reserved 1048576K
}
Event: 2.956 GC heap after
{Heap after GC invocations=19 (full 0):
 garbage-first heap   total 160768K, used 108977K [0x00000000e0000000, 0x0000000100000000)
  region size 1024K, 5 young (5120K), 5 survivors (5120K)
 Metaspace       used 53354K, committed 56128K, reserved 1105920K
  class space    used 5439K, committed 6720K, reserved 1048576K
}
Event: 2.979 GC heap before
{Heap before GC invocations=20 (full 0):
 garbage-first heap   total 186368K, used 112049K [0x00000000e0000000, 0x0000000100000000)
  region size 1024K, 9 young (9216K), 5 survivors (5120K)
 Metaspace       used 53367K, committed 56128K, reserved 1105920K
  class space    used 5440K, committed 6720K, reserved 1048576K
}
Event: 2.981 GC heap after
{Heap after GC invocations=21 (full 0):
 garbage-first heap   total 186368K, used 104332K [0x00000000e0000000, 0x0000000100000000)
  region size 1024K, 1 young (1024K), 1 survivors (1024K)
 Metaspace       used 53367K, committed 56128K, reserved 1105920K
  class space    used 5440K, committed 6720K, reserved 1048576K
}
Event: 3.056 GC heap before
{Heap before GC invocations=22 (full 0):
 garbage-first heap   total 194560K, used 122764K [0x00000000e0000000, 0x0000000100000000)
  region size 1024K, 10 young (10240K), 1 survivors (1024K)
 Metaspace       used 54934K, committed 57664K, reserved 1105920K
  class space    used 5585K, committed 6848K, reserved 1048576K
}
Event: 3.058 GC heap after
{Heap after GC invocations=23 (full 0):
 garbage-first heap   total 194560K, used 115262K [0x00000000e0000000, 0x0000000100000000)
  region size 1024K, 1 young (1024K), 1 survivors (1024K)
 Metaspace       used 54934K, committed 57664K, reserved 1105920K
  class space    used 5585K, committed 6848K, reserved 1048576K
}
Event: 3.172 GC heap before
{Heap before GC invocations=24 (full 0):
 garbage-first heap   total 198656K, used 126526K [0x00000000e0000000, 0x0000000100000000)
  region size 1024K, 11 young (11264K), 1 survivors (1024K)
 Metaspace       used 56947K, committed 59648K, reserved 1105920K
  class space    used 5701K, committed 6912K, reserved 1048576K
}
Event: 3.174 GC heap after
{Heap after GC invocations=25 (full 0):
 garbage-first heap   total 198656K, used 115059K [0x00000000e0000000, 0x0000000100000000)
  region size 1024K, 1 young (1024K), 1 survivors (1024K)
 Metaspace       used 56947K, committed 59648K, reserved 1105920K
  class space    used 5701K, committed 6912K, reserved 1048576K
}
Event: 3.398 GC heap before
{Heap before GC invocations=26 (full 0):
 garbage-first heap   total 336896K, used 275234K [0x00000000e0000000, 0x0000000100000000)
  region size 1024K, 46 young (47104K), 1 survivors (1024K)
 Metaspace       used 57173K, committed 59840K, reserved 1105920K
  class space    used 5718K, committed 6912K, reserved 1048576K
}
Event: 3.400 GC heap after
{Heap after GC invocations=27 (full 0):
 garbage-first heap   total 336896K, used 229508K [0x00000000e0000000, 0x0000000100000000)
  region size 1024K, 2 young (2048K), 2 survivors (2048K)
 Metaspace       used 57173K, committed 59840K, reserved 1105920K
  class space    used 5718K, committed 6912K, reserved 1048576K
}
Event: 3.426 GC heap before
{Heap before GC invocations=27 (full 0):
 garbage-first heap   total 336896K, used 242820K [0x00000000e0000000, 0x0000000100000000)
  region size 1024K, 16 young (16384K), 2 survivors (2048K)
 Metaspace       used 57173K, committed 59840K, reserved 1105920K
  class space    used 5718K, committed 6912K, reserved 1048576K
}
Event: 3.427 GC heap after
{Heap after GC invocations=28 (full 0):
 garbage-first heap   total 336896K, used 228748K [0x00000000e0000000, 0x0000000100000000)
  region size 1024K, 1 young (1024K), 1 survivors (1024K)
 Metaspace       used 57173K, committed 59840K, reserved 1105920K
  class space    used 5718K, committed 6912K, reserved 1048576K
}

