# JRE version: OpenJDK Runtime Environment (17.0.6) (build 17.0.6+0-b2043.56-9586694)
# Java VM: OpenJDK 64-Bit Server VM (17.0.6+0-b2043.56-9586694, mixed mode, tiered, compressed oops, compressed class ptrs, g1 gc, windows-amd64)
GC Precious Log:
 CPUs: 20 total, 20 available
 Memory: 32472M
 Large Page Support: Disabled
 NUMA Support: Disabled
 Compressed Oops: Enabled (32-bit)
 Heap Region Size: 1M
 Heap Min Capacity: 8M
 Heap Initial Capacity: 508M
 Heap Max Capacity: 512M
 Pre-touch: Disabled
 Parallel Workers: 15
 Concurrent Workers: 4
 Concurrent Refinement Workers: 15
 Periodic GC: Disabled
Heap:
 garbage-first heap   total 396288K, used 241362K [0x00000000e0000000, 0x0000000100000000)
  region size 1024K, 14 young (14336K), 2 survivors (2048K)
 Metaspace       used 57233K, committed 59968K, reserved 1105920K
  class space    used 5727K, committed 6976K, reserved 1048576K
GC Heap History (20 events):
Event: 2.215 GC heap before
{Heap before GC invocations=15 (full 0):
 garbage-first heap   total 143360K, used 90705K [0x00000000e0000000, 0x0000000100000000)
  region size 1024K, 7 young (7168K), 3 survivors (3072K)
 Metaspace       used 44235K, committed 45632K, reserved 1089536K
  class space    used 4215K, committed 4864K, reserved 1048576K
}
Event: 2.217 GC heap after
{Heap after GC invocations=16 (full 0):
 garbage-first heap   total 143360K, used 86349K [0x00000000e0000000, 0x0000000100000000)
  region size 1024K, 1 young (1024K), 1 survivors (1024K)
 Metaspace       used 44235K, committed 45632K, reserved 1089536K
  class space    used 4215K, committed 4864K, reserved 1048576K
}
Event: 2.446 GC heap before
{Heap before GC invocations=16 (full 0):
 garbage-first heap   total 143360K, used 115021K [0x00000000e0000000, 0x0000000100000000)
  region size 1024K, 29 young (29696K), 1 survivors (1024K)
 Metaspace       used 48026K, committed 50176K, reserved 1097728K
  class space    used 4777K, committed 5760K, reserved 1048576K
}
Event: 2.448 GC heap after
{Heap after GC invocations=17 (full 0):
 garbage-first heap   total 143360K, used 88489K [0x00000000e0000000, 0x0000000100000000)
  region size 1024K, 3 young (3072K), 3 survivors (3072K)
 Metaspace       used 48026K, committed 50176K, reserved 1097728K
  class space    used 4777K, committed 5760K, reserved 1048576K
}
Event: 2.782 GC heap before
{Heap before GC invocations=18 (full 0):
 garbage-first heap   total 150528K, used 132521K [0x00000000e0000000, 0x0000000100000000)
  region size 1024K, 30 young (30720K), 3 survivors (3072K)
 Metaspace       used 53345K, committed 56064K, reserved 1105920K
  class space    used 5444K, committed 6656K, reserved 1048576K
}
Event: 2.785 GC heap after
{Heap after GC invocations=19 (full 0):
 garbage-first heap   total 150528K, used 109616K [0x00000000e0000000, 0x0000000100000000)
  region size 1024K, 4 young (4096K), 4 survivors (4096K)
 Metaspace       used 53345K, committed 56064K, reserved 1105920K
  class space    used 5444K, committed 6656K, reserved 1048576K
}
Event: 2.801 GC heap before
{Heap before GC invocations=19 (full 0):
 garbage-first heap   total 150528K, used 111664K [0x00000000e0000000, 0x0000000100000000)
  region size 1024K, 7 young (7168K), 4 survivors (4096K)
 Metaspace       used 53361K, committed 56064K, reserved 1105920K
  class space    used 5445K, committed 6656K, reserved 1048576K
}
Event: 2.802 GC heap after
{Heap after GC invocations=20 (full 0):
 garbage-first heap   total 150528K, used 104901K [0x00000000e0000000, 0x0000000100000000)
  region size 1024K, 1 young (1024K), 1 survivors (1024K)
 Metaspace       used 53361K, committed 56064K, reserved 1105920K
  class space    used 5445K, committed 6656K, reserved 1048576K
}
Event: 2.962 GC heap before
{Heap before GC invocations=20 (full 0):
 garbage-first heap   total 150528K, used 136645K [0x00000000e0000000, 0x0000000100000000)
  region size 1024K, 20 young (20480K), 1 survivors (1024K)
 Metaspace       used 56643K, committed 59328K, reserved 1105920K
  class space    used 5649K, committed 6848K, reserved 1048576K
}
Event: 2.964 GC heap after
{Heap after GC invocations=21 (full 0):
 garbage-first heap   total 150528K, used 115695K [0x00000000e0000000, 0x0000000100000000)
  region size 1024K, 1 young (1024K), 1 survivors (1024K)
 Metaspace       used 56643K, committed 59328K, reserved 1105920K
  class space    used 5649K, committed 6848K, reserved 1048576K
}
Event: 3.120 GC heap before
{Heap before GC invocations=22 (full 0):
 garbage-first heap   total 285696K, used 243695K [0x00000000e0000000, 0x0000000100000000)
  region size 1024K, 13 young (13312K), 1 survivors (1024K)
 Metaspace       used 57197K, committed 59904K, reserved 1105920K
  class space    used 5724K, committed 6976K, reserved 1048576K
}
Event: 3.121 GC heap after
{Heap after GC invocations=23 (full 0):
 garbage-first heap   total 285696K, used 232516K [0x00000000e0000000, 0x0000000100000000)
  region size 1024K, 1 young (1024K), 1 survivors (1024K)
 Metaspace       used 57197K, committed 59904K, reserved 1105920K
  class space    used 5724K, committed 6976K, reserved 1048576K
}
Event: 3.135 GC heap before
{Heap before GC invocations=23 (full 0):
 garbage-first heap   total 285696K, used 243780K [0x00000000e0000000, 0x0000000100000000)
  region size 1024K, 13 young (13312K), 1 survivors (1024K)
 Metaspace       used 57197K, committed 59904K, reserved 1105920K
  class space    used 5724K, committed 6976K, reserved 1048576K
}
Event: 3.136 GC heap after
{Heap after GC invocations=24 (full 0):
 garbage-first heap   total 285696K, used 232085K [0x00000000e0000000, 0x0000000100000000)
  region size 1024K, 1 young (1024K), 1 survivors (1024K)
 Metaspace       used 57197K, committed 59904K, reserved 1105920K
  class space    used 5724K, committed 6976K, reserved 1048576K
}
Event: 3.164 GC heap before
{Heap before GC invocations=24 (full 0):
 garbage-first heap   total 285696K, used 249493K [0x00000000e0000000, 0x0000000100000000)
  region size 1024K, 19 young (19456K), 1 survivors (1024K)
 Metaspace       used 57197K, committed 59904K, reserved 1105920K
  class space    used 5724K, committed 6976K, reserved 1048576K
}
Event: 3.165 GC heap after
{Heap after GC invocations=25 (full 0):
 garbage-first heap   total 285696K, used 232215K [0x00000000e0000000, 0x0000000100000000)
  region size 1024K, 2 young (2048K), 2 survivors (2048K)
 Metaspace       used 57197K, committed 59904K, reserved 1105920K
  class space    used 5724K, committed 6976K, reserved 1048576K
}
Event: 3.200 GC heap before
{Heap before GC invocations=26 (full 0):
 garbage-first heap   total 396288K, used 248599K [0x00000000e0000000, 0x0000000100000000)
  region size 1024K, 20 young (20480K), 2 survivors (2048K)
 Metaspace       used 57197K, committed 59904K, reserved 1105920K
  class space    used 5724K, committed 6976K, reserved 1048576K
}
Event: 3.201 GC heap after
{Heap after GC invocations=27 (full 0):
 garbage-first heap   total 396288K, used 230360K [0x00000000e0000000, 0x0000000100000000)
  region size 1024K, 2 young (2048K), 2 survivors (2048K)
 Metaspace       used 57197K, committed 59904K, reserved 1105920K
  class space    used 5724K, committed 6976K, reserved 1048576K
}
Event: 3.230 GC heap before
{Heap before GC invocations=27 (full 0):
 garbage-first heap   total 396288K, used 246744K [0x00000000e0000000, 0x0000000100000000)
  region size 1024K, 19 young (19456K), 2 survivors (2048K)
 Metaspace       used 57197K, committed 59904K, reserved 1105920K
  class space    used 5724K, committed 6976K, reserved 1048576K
}
Event: 3.232 GC heap after
{Heap after GC invocations=28 (full 0):
 garbage-first heap   total 396288K, used 230098K [0x00000000e0000000, 0x0000000100000000)
  region size 1024K, 2 young (2048K), 2 survivors (2048K)
 Metaspace       used 57197K, committed 59904K, reserved 1105920K
  class space    used 5724K, committed 6976K, reserved 1048576K
}

